<?xml version="1.0" encoding="UTF-8"?>
<testsuite xmlns:xsi="http://www.w3.org/2001/XMLSchema-instance" xsi:noNamespaceSchemaLocation="https://maven.apache.org/surefire/maven-surefire-plugin/xsd/surefire-test-report.xsd" version="3.0.2" name="com.komal.template_backend.TemplateBackendApplicationTests" time="7.155" tests="1" errors="0" skipped="0" failures="0">
  <properties>
[...]
</properties>
  <testcase name="contextLoads" classname="com.komal.template_backend.TemplateBackendApplicationTests" time="1.217">
    <system-out><![CDATA[00:43:43.470 [main] INFO org.springframework.test.context.support.AnnotationConfigContextLoaderUtils -- Could not detect default configuration classes for test class [com.komal.template_backend.TemplateBackendApplicationTests]: TemplateBackendApplicationTests does not declare any static, non-private, non-final, nested classes annotated with @Configuration.
00:43:43.746 [main] INFO org.springframework.boot.test.context.SpringBootTestContextBootstrapper -- Found @SpringBootConfiguration com.komal.template_backend.TemplateBackendApplication for test class com.komal.template_backend.TemplateBackendApplicationTests

  .   ____          _            __ _ _
 /\\ / ___'_ __ _ _(_)_ __  __ _ \ \ \ \
( ( )\___ | '_ | '_| | '_ \/ _` | \ \ \ \
 \\/  ___)| |_)| | | | | || (_| |  ) ) ) )
  '  |____| .__|_| |_|_| |_\__, | / / / /
 =========|_|==============|___/=/_/_/_/

 :: Spring Boot ::                (v3.5.5)

2025-09-15T00:43:44.773+05:30  INFO 18164 --- [template-backend] [           main] c.k.t.TemplateBackendApplicationTests    : Starting TemplateBackendApplicationTests using Java 17.0.12 with PID 18164 (started by hp in E:\SpringBoot_Learning\template-backend\template-backend)
2025-09-15T00:43:44.775+05:30  INFO 18164 --- [template-backend] [           main] c.k.t.TemplateBackendApplicationTests    : No active profile set, falling back to 1 default profile: "default"
2025-09-15T00:43:46.048+05:30  INFO 18164 --- [template-backend] [           main] .s.d.r.c.RepositoryConfigurationDelegate : Bootstrapping Spring Data MongoDB repositories in DEFAULT mode.
2025-09-15T00:43:46.183+05:30  INFO 18164 --- [template-backend] [           main] .s.d.r.c.RepositoryConfigurationDelegate : Finished Spring Data repository scanning in 122 ms. Found 4 MongoDB repository interfaces.
2025-09-15T00:43:47.349+05:30  INFO 18164 --- [template-backend] [           main] org.mongodb.driver.client                : MongoClient with metadata {"application": {"name": "Cluster0"}, "driver": {"name": "mongo-java-driver|sync|spring-boot", "version": "5.5.1"}, "os": {"type": "Windows", "name": "Windows 11", "architecture": "amd64", "version": "10.0"}, "platform": "Java/Oracle Corporation/17.0.12+8-LTS-286"} created with settings MongoClientSettings{readPreference=primary, writeConcern=WriteConcern{w=majority, wTimeout=null ms, journal=null}, retryWrites=true, retryReads=true, readConcern=ReadConcern{level=null}, credential=MongoCredential{mechanism=null, userName='komal', source='admin', password=<hidden>, mechanismProperties=<hidden>}, transportSettings=null, commandListeners=[], codecRegistry=ProvidersCodecRegistry{codecProviders=[ValueCodecProvider{}, BsonValueCodecProvider{}, DBRefCodecProvider{}, DBObjectCodecProvider{}, DocumentCodecProvider{}, CollectionCodecProvider{}, IterableCodecProvider{}, MapCodecProvider{}, GeoJsonCodecProvider{}, GridFSFileCodecProvider{}, Jsr310CodecProvider{}, JsonObjectCodecProvider{}, BsonCodecProvider{}, EnumCodecProvider{}, com.mongodb.client.model.mql.ExpressionCodecProvider@3513c84c, com.mongodb.Jep395RecordCodecProvider@4978777f, com.mongodb.KotlinCodecProvider@7bc6935c]}, loggerSettings=LoggerSettings{maxDocumentLength=1000}, clusterSettings={hosts=[127.0.0.1:27017], srvHost=cluster0.4w2jxkq.mongodb.net, srvServiceName=mongodb, mode=MULTIPLE, requiredClusterType=REPLICA_SET, requiredReplicaSetName='atlas-qj24uh-shard-0', serverSelector='null', clusterListeners='[]', serverSelectionTimeout='30000 ms', localThreshold='15 ms'}, socketSettings=SocketSettings{connectTimeoutMS=10000, readTimeoutMS=0, receiveBufferSize=0, proxySettings=ProxySettings{host=null, port=null, username=null, password=null}}, heartbeatSocketSettings=SocketSettings{connectTimeoutMS=10000, readTimeoutMS=10000, receiveBufferSize=0, proxySettings=ProxySettings{host=null, port=null, username=null, password=null}}, connectionPoolSettings=ConnectionPoolSettings{maxSize=100, minSize=0, maxWaitTimeMS=120000, maxConnectionLifeTimeMS=0, maxConnectionIdleTimeMS=0, maintenanceInitialDelayMS=0, maintenanceFrequencyMS=60000, connectionPoolListeners=[], maxConnecting=2}, serverSettings=ServerSettings{heartbeatFrequencyMS=10000, minHeartbeatFrequencyMS=500, serverMonitoringMode=AUTO, serverListeners='[]', serverMonitorListeners='[]'}, sslSettings=SslSettings{enabled=true, invalidHostNameAllowed=false, context=null}, applicationName='Cluster0', compressorList=[], uuidRepresentation=JAVA_LEGACY, serverApi=null, autoEncryptionSettings=null, dnsClient=null, inetAddressResolver=null, contextProvider=null, timeoutMS=null}
2025-09-15T00:43:47.459+05:30  INFO 18164 --- [template-backend] [xkq.mongodb.net] org.mongodb.driver.cluster               : Adding discovered server ac-s3cirnn-shard-00-00.4w2jxkq.mongodb.net:27017 to client view of cluster
2025-09-15T00:43:47.515+05:30  INFO 18164 --- [template-backend] [xkq.mongodb.net] org.mongodb.driver.cluster               : Adding discovered server ac-s3cirnn-shard-00-01.4w2jxkq.mongodb.net:27017 to client view of cluster
2025-09-15T00:43:47.523+05:30  INFO 18164 --- [template-backend] [xkq.mongodb.net] org.mongodb.driver.cluster               : Adding discovered server ac-s3cirnn-shard-00-02.4w2jxkq.mongodb.net:27017 to client view of cluster
2025-09-15T00:43:48.380+05:30  INFO 18164 --- [template-backend] [ngodb.net:27017] org.mongodb.driver.cluster               : Monitor thread successfully connected to server with description ServerDescription{address=ac-s3cirnn-shard-00-01.4w2jxkq.mongodb.net:27017, type=REPLICA_SET_PRIMARY, cryptd=false, state=CONNECTED, ok=true, minWireVersion=0, maxWireVersion=25, maxDocumentSize=16777216, logicalSessionTimeoutMinutes=30, roundTripTimeNanos=470538200, minRoundTripTimeNanos=0, setName='atlas-qj24uh-shard-0', canonicalAddress=ac-s3cirnn-shard-00-01.4w2jxkq.mongodb.net:27017, hosts=[ac-s3cirnn-shard-00-01.4w2jxkq.mongodb.net:27017, ac-s3cirnn-shard-00-02.4w2jxkq.mongodb.net:27017, ac-s3cirnn-shard-00-00.4w2jxkq.mongodb.net:27017], passives=[], arbiters=[], primary='ac-s3cirnn-shard-00-01.4w2jxkq.mongodb.net:27017', tagSet=TagSet{[Tag{name='availabilityZone', value='aps1-az3'}, Tag{name='diskState', value='READY'}, Tag{name='nodeType', value='ELECTABLE'}, Tag{name='provider', value='AWS'}, Tag{name='region', value='AP_SOUTH_1'}, Tag{name='workloadType', value='OPERATIONAL'}]}, electionId=7fffffff000000000000012a, setVersion=355, topologyVersion=TopologyVersion{processId=68c496ee9e10dfc92b0c4b4a, counter=6}, lastWriteDate=Mon Sep 15 00:43:48 IST 2025, lastUpdateTimeNanos=99366555404400}
2025-09-15T00:43:48.380+05:30  INFO 18164 --- [template-backend] [ngodb.net:27017] org.mongodb.driver.cluster               : Monitor thread successfully connected to server with description ServerDescription{address=ac-s3cirnn-shard-00-02.4w2jxkq.mongodb.net:27017, type=REPLICA_SET_SECONDARY, cryptd=false, state=CONNECTED, ok=true, minWireVersion=0, maxWireVersion=25, maxDocumentSize=16777216, logicalSessionTimeoutMinutes=30, roundTripTimeNanos=355867300, minRoundTripTimeNanos=0, setName='atlas-qj24uh-shard-0', canonicalAddress=ac-s3cirnn-shard-00-02.4w2jxkq.mongodb.net:27017, hosts=[ac-s3cirnn-shard-00-01.4w2jxkq.mongodb.net:27017, ac-s3cirnn-shard-00-02.4w2jxkq.mongodb.net:27017, ac-s3cirnn-shard-00-00.4w2jxkq.mongodb.net:27017], passives=[], arbiters=[], primary='ac-s3cirnn-shard-00-01.4w2jxkq.mongodb.net:27017', tagSet=TagSet{[Tag{name='availabilityZone', value='aps1-az2'}, Tag{name='diskState', value='READY'}, Tag{name='nodeType', value='ELECTABLE'}, Tag{name='provider', value='AWS'}, Tag{name='region', value='AP_SOUTH_1'}, Tag{name='workloadType', value='OPERATIONAL'}]}, electionId=null, setVersion=355, topologyVersion=TopologyVersion{processId=68c499163789aaf15d875266, counter=3}, lastWriteDate=Mon Sep 15 00:43:48 IST 2025, lastUpdateTimeNanos=99366555404700}
2025-09-15T00:43:48.387+05:30  INFO 18164 --- [template-backend] [ngodb.net:27017] org.mongodb.driver.cluster               : Discovered replica set primary ac-s3cirnn-shard-00-01.4w2jxkq.mongodb.net:27017 with max election id 7fffffff000000000000012a and max set version 355
2025-09-15T00:43:48.466+05:30  INFO 18164 --- [template-backend] [ngodb.net:27017] org.mongodb.driver.cluster               : Monitor thread successfully connected to server with description ServerDescription{address=ac-s3cirnn-shard-00-00.4w2jxkq.mongodb.net:27017, type=REPLICA_SET_SECONDARY, cryptd=false, state=CONNECTED, ok=true, minWireVersion=0, maxWireVersion=25, maxDocumentSize=16777216, logicalSessionTimeoutMinutes=30, roundTripTimeNanos=229362100, minRoundTripTimeNanos=0, setName='atlas-qj24uh-shard-0', canonicalAddress=ac-s3cirnn-shard-00-00.4w2jxkq.mongodb.net:27017, hosts=[ac-s3cirnn-shard-00-01.4w2jxkq.mongodb.net:27017, ac-s3cirnn-shard-00-02.4w2jxkq.mongodb.net:27017, ac-s3cirnn-shard-00-00.4w2jxkq.mongodb.net:27017], passives=[], arbiters=[], primary='ac-s3cirnn-shard-00-01.4w2jxkq.mongodb.net:27017', tagSet=TagSet{[Tag{name='availabilityZone', value='aps1-az1'}, Tag{name='diskState', value='READY'}, Tag{name='nodeType', value='ELECTABLE'}, Tag{name='provider', value='AWS'}, Tag{name='region', value='AP_SOUTH_1'}, Tag{name='workloadType', value='OPERATIONAL'}]}, electionId=null, setVersion=355, topologyVersion=TopologyVersion{processId=68c497d8cc422255b09e4e2c, counter=4}, lastWriteDate=Mon Sep 15 00:43:48 IST 2025, lastUpdateTimeNanos=99366646821000}
2025-09-15T00:43:48.790+05:30  WARN 18164 --- [template-backend] [           main] o.s.w.s.resource.ResourceHandlerUtils    : Appended trailing slash to static resource location: file:E:/SpringBoot_Learning/template-backend/template-backend/uploads/
2025-09-15T00:43:49.049+05:30  INFO 18164 --- [template-backend] [           main] c.k.t.TemplateBackendApplicationTests    : Started TemplateBackendApplicationTests in 4.925 seconds (process running for 6.86)
]]></system-out>
  </testcase>
</testsuite>